2020-05-12 13:53:57,633 INFO PERFORMANCE:|0|0|-1|-1

2020-05-12 13:58:57,636 INFO PERFORMANCE:|0|0|-1|-1

2020-05-12 14:03:57,637 INFO PERFORMANCE:|0|0|-1|-1

2020-05-12 14:08:57,639 INFO PERFORMANCE:|0|0|-1|-1

2020-05-12 14:13:57,641 INFO PERFORMANCE:|0|0|-1|-1

2020-05-12 14:18:57,642 INFO PERFORMANCE:|0|0|-1|-1

2020-05-12 14:23:57,644 INFO PERFORMANCE:|0|0|-1|-1

2020-05-12 14:28:57,646 INFO PERFORMANCE:|0|0|-1|-1

2020-05-12 14:33:57,648 INFO PERFORMANCE:|0|0|-1|-1

2020-05-12 14:38:57,649 INFO PERFORMANCE:|0|0|-1|-1

2020-05-12 14:51:52,427 INFO PERFORMANCE:|0|0|-1|-1

2020-05-12 14:56:52,437 INFO PERFORMANCE:|0|0|-1|-1

2020-05-12 15:01:52,438 INFO PERFORMANCE:|0|0|-1|-1

2020-05-12 15:06:52,439 INFO PERFORMANCE:|0|0|-1|-1

2020-05-12 15:11:52,442 INFO PERFORMANCE:|0|0|-1|-1

2020-05-12 15:16:52,443 INFO PERFORMANCE:|0|0|-1|-1

2020-05-12 15:21:52,445 INFO PERFORMANCE:|0|0|-1|-1

2020-05-12 15:26:52,445 INFO PERFORMANCE:|0|0|-1|-1

2020-05-12 15:31:52,447 INFO PERFORMANCE:|0|0|-1|-1

2020-05-12 15:40:21,256 INFO PERFORMANCE:|0|0|-1|-1

2020-05-12 15:45:21,258 INFO PERFORMANCE:|0|0|-1|-1

2020-05-12 15:50:21,259 INFO PERFORMANCE:|0|0|-1|-1

2020-05-12 15:55:21,260 INFO PERFORMANCE:|0|0|-1|-1

2020-05-12 16:00:21,261 INFO PERFORMANCE:|0|0|-1|-1

2020-05-12 16:05:21,263 INFO PERFORMANCE:|0|0|-1|-1

2020-05-12 16:10:21,265 INFO PERFORMANCE:|1|1|-1|-1

2020-05-12 16:15:21,265 INFO PERFORMANCE:|1|1|-1|-1

2020-05-12 16:20:21,267 INFO PERFORMANCE:|1|1|-1|-1

2020-05-12 16:25:21,267 INFO PERFORMANCE:|1|1|-1|-1

2020-05-12 16:30:21,269 INFO PERFORMANCE:|1|1|-1|-1

2020-05-12 16:35:21,270 INFO PERFORMANCE:|2|2|-1|-1

2020-05-12 16:40:21,272 INFO PERFORMANCE:|2|1|-1|-1

2020-05-12 16:45:21,273 INFO PERFORMANCE:|4|2|-1|-1

2020-05-12 16:50:21,274 INFO PERFORMANCE:|4|2|-1|-1

2020-05-12 16:55:21,276 INFO PERFORMANCE:|4|2|-1|-1

2020-05-12 17:00:21,277 INFO PERFORMANCE:|4|2|-1|-1

2020-05-12 17:05:21,278 INFO PERFORMANCE:|4|2|-1|-1

2020-05-12 17:10:21,280 INFO PERFORMANCE:|5|3|-1|-1

2020-05-12 17:15:21,281 INFO PERFORMANCE:|5|3|-1|-1

2020-05-12 17:20:21,283 INFO PERFORMANCE:|5|3|-1|-1

2020-05-12 17:25:21,284 INFO PERFORMANCE:|7|5|-1|-1

2020-05-12 17:30:21,285 INFO PERFORMANCE:|7|5|-1|-1

2020-05-12 17:35:21,285 INFO PERFORMANCE:|7|4|-1|-1

2020-05-12 17:40:21,287 INFO PERFORMANCE:|7|5|-1|-1

2020-05-12 17:45:21,288 INFO PERFORMANCE:|7|5|-1|-1

2020-05-12 17:50:21,289 INFO PERFORMANCE:|7|5|-1|-1

2020-05-12 17:54:17,668 INFO PERFORMANCE:|5|5|-1|-1

2020-05-12 17:56:03,918 INFO PERFORMANCE:|5|5|-1|-1

2020-05-12 18:01:03,920 INFO PERFORMANCE:|5|5|-1|-1

2020-05-12 18:06:03,921 INFO PERFORMANCE:|5|5|-1|-1

2020-05-12 18:09:46,209 INFO PERFORMANCE:|5|5|-1|-1

2020-05-12 18:12:40,494 INFO PERFORMANCE:|5|5|-1|-1

2020-05-12 18:17:40,495 INFO PERFORMANCE:|5|5|-1|-1

2020-05-12 18:22:40,496 INFO PERFORMANCE:|6|5|-1|-1

